
F:\DATA\下载\chrome\image\060828381f30e924978c42694d086e061d95f7ba.jpg
F:\DATA\下载\chrome\image\09fa513d269759ee7768bd93b3fb43166d22dfaa.jpg
F:\DATA\下载\chrome\image\060828381f30e924b609a53a4d086e061d95f70f.jpg
F:\DATA\下载\chrome\image\0da38b389b504fc2f13c88f8e4dde71191ef6d7c.jpg
F:\DATA\下载\chrome\image\1.png
F:\DATA\下载\chrome\image\120_2339452.jpg
F:\DATA\下载\chrome\image\16256cdf8db1cb13773d04eedc54564e93584b07.jpg
F:\DATA\下载\chrome\image\1f96b983c9177f3e843227a470cf3bc79e3d56fd.gif
F:\DATA\下载\chrome\image\279759ee3d6d55fb008fc0c26d224f4a21a4dd8d.gif
F:\DATA\下载\chrome\image\2934349b033b5bb52d98670d36d3d539b700bcf2.gif
F:\DATA\下载\chrome\image\342ac65c10385343ffb8ef489213b07eca808867.gif
F:\DATA\下载\chrome\image\34f49f3df8dcd100f693a4c2728b4710b8122ffc.gif
F:\DATA\下载\chrome\image\34fae6cd7b899e5143a4972e43a7d933c8950de5.gif
F:\DATA\下载\chrome\image\38dbb6fd5266d0168f8dfcc9972bd40734fa35be.gif
F:\DATA\下载\chrome\image\3bf33a87e950352aa0a2e87a5243fbf2b3118b85.jpg
F:\DATA\下载\chrome\image\43a7d933c895d143a2340a7b72f082025aaf0723.jpg
F:\DATA\下载\chrome\image\472309f790529822107fd79bd6ca7bcb0a46d41e.jpg
F:\DATA\下载\chrome\image\537f242dd42a283404fcf3a05bb5c9ea14cebfed.gif
F:\DATA\下载\chrome\image\562c11dfa9ec8a133659b6abf603918fa0ecc03e.jpg
F:\DATA\下载\chrome\image\5904ac510fb30f24ca2ed2fec995d143ac4b0327.jpg
F:\DATA\下载\chrome\image\6159252dd42a28344c64d9525ab5c9ea14cebfad.jpg
F:\DATA\下载\chrome\image\70ebe2160924ab18e9bcd9ca34fae6cd7a890b35.jpg
F:\DATA\下载\chrome\image\7dd98d1001e93901b5ac5f667aec54e736d19638.jpg
F:\DATA\下载\chrome\image\8326cffc1e178a8286138971f603738da977e830.jpg.gif
F:\DATA\下载\chrome\image\850bfb177f3e670995b27d023ac79f3df9dc552d.jpg
F:\DATA\下载\chrome\image\8601a18b87d6277fb313ef6029381f30e924fc61.jpg
F:\DATA\下载\chrome\image\8cb1cb13495409234e4d5b759358d109b3de4990.jpg
F:\DATA\下载\chrome\image\908fa0ec08fa513d60deb3863c6d55fbb2fbd976.jpg
F:\DATA\下载\chrome\image\9194d9c4b74543a91f7fc2311f178a82b8011477.jpg
F:\DATA\下载\chrome\image\96dda144ad34598230c23bca0df431adcbef841a.jpg
F:\DATA\下载\chrome\image\9d82d158ccbf6c81ca9e796bbc3eb13532fa4083.gif
F:\DATA\下载\chrome\image\a044ad345982b2b708519a1c30adcbef77099b18.gif
F:\DATA\下载\chrome\image\a180de74gw1e5che391hoj20c869p4qp.jpg
F:\DATA\下载\chrome\image\a8014c086e061d953d99ebc07bf40ad163d9ca6f.gif
F:\DATA\下载\chrome\image\adaf2edda3cc7cd9b07a3d133901213fb90e91a0.jpg
F:\DATA\下载\chrome\image\b151f8198618367a36676b7d2e738bd4b21ce5a0.jpg
F:\DATA\下载\chrome\image\c9e8ed1d49540923039c0cd29258d109b2de4908.gif
F:\DATA\下载\chrome\image\caef76094b36acaf3f53c7a67dd98d1001e99c3c.jpg
F:\DATA\下载\chrome\image\d5bb9dc379310a55501f2803b64543a98326109f.gif
F:\DATA\下载\chrome\image\d8f9d72a6059252d8622d7d2349b033b5bb5b92b.gif
F:\DATA\下载\chrome\image\d8f9d72a6059252db055c45c359b033b5bb5b92c.jpg
F:\DATA\下载\chrome\image\dbb44aed2e738bd4b50d8cf9a18b87d6267ff9cd.jpg
F:\DATA\下载\chrome\image\dcc451da81cb39db456bb4e1d1160924aa1830da.jpg
F:\DATA\下载\chrome\image\e1fe9925bc315c606a8562a08cb1cb1349547768.gif
F:\DATA\下载\chrome\image\e7cd7b899e510fb33999ed01d833c895d0430ca7.jpg
F:\DATA\下载\chrome\image\ec96af16fdfaaf51c24abf428d5494eef11f7a2a.jpg
F:\DATA\下载\chrome\image\img.gif
F:\DATA\下载\chrome\image\img201007111018220.jpg
F:\DATA\下载\chrome\image\QQ图片20130620104403.jpg
F:\DATA\下载\chrome\image\QQ截图20130605170232.png
F:\DATA\下载\chrome\image\QQ截图20130608095127.jpg
F:\DATA\下载\chrome\image\QQ截图20130608095227.jpg
F:\DATA\下载\chrome\image\{3C3F42FD-AFD7-464D-8B77-5CE512E854A1}.jpg
F:\DATA\下载\chrome\image\{D3AB074A-C94C-48E5-A738-472B289E2755}.jpg
F:\DATA\下载\chrome\image\保安jpg.jpg
F:\DATA\下载\chrome\image\妈妈.jpg
F:\DATA\下载\chrome\image\未命名.jpg
F:\DATA\下载\chrome\image\未命名1.jpg
F:\DATA\下载\chrome\image\未命名2.jpg
F:\DATA\下载\chrome\image\bf096b63f6246b6012d9adf1ebf81a4c500fa25b.gif
F:\DATA\下载\chrome\image\new\3.jpg
F:\DATA\下载\chrome\image\new\QQ图片20160824161651.gif
F:\DATA\下载\chrome\image\new\QQ图片20160824171227.gif
F:\DATA\下载\chrome\image\new\QQ图片20160826120619.gif
F:\DATA\下载\chrome\image\new\QQ图片20160829101709.jpg
F:\DATA\下载\chrome\image\new\QQ图片20160906125911.gif
F:\DATA\下载\chrome\image\new\QQ图片20160906125916.gif
F:\DATA\下载\chrome\image\new\QQ图片20160906125919.gif
F:\DATA\下载\chrome\image\new\QQ图片20160907101756.gif
F:\DATA\下载\chrome\image\new\QQ图片20160907101827.gif
F:\DATA\下载\chrome\image\new\QQ图片20160907111414.gif
F:\DATA\下载\chrome\image\new\QQ图片20160912112801.gif
F:\DATA\下载\chrome\image\new\QQ图片20160912161353.gif
F:\DATA\下载\chrome\image\new\QQ图片20160918132053.gif
F:\DATA\下载\chrome\image\new\QQ图片20160919154050.gif
F:\DATA\下载\chrome\image\new\QQ图片20160921175132.gif
F:\DATA\下载\chrome\image\new\QQ图片20160922160405.gif
F:\DATA\下载\chrome\image\new\QQ图片20160927124906.gif
F:\DATA\下载\chrome\image\new\QQ图片20160929123949.gif
F:\DATA\下载\chrome\image\new\QQ图片20161009102500.gif
F:\DATA\下载\chrome\image\new\QQ图片20161206102904.gif
F:\DATA\下载\chrome\image\new\QQ图片20161009113921.gif
F:\DATA\下载\chrome\image\new\v2-ed4ff288447bc7cf5416ed155354964b_b.jpg
F:\DATA\下载\chrome\image\new\QQ图片20160923111559.gif
F:\DATA\下载\chrome\image\bak\06b0c850352ac65c33f08dc8f8f2b21192138a4f.jpg
F:\DATA\下载\chrome\image\bak\06b0c850352ac65c92ce2e99fef2b21191138acc.jpg
F:\DATA\下载\chrome\image\bak\06b1af86bb4163507fd48223eb5d687b_430.jpg
F:\DATA\下载\chrome\image\bak\06c41b87e950352a47aa6de25643fbf2b0118bcc.jpg
F:\DATA\下载\chrome\image\bak\06c41b87e950352ae494ceb35043fbf2b3118b4f.jpg
F:\DATA\下载\chrome\image\bak\091de75c10385343156ea7a89013b07ecb808849.jpg
F:\DATA\下载\chrome\image\bak\091de75c103853437f04cfcb9613b07ec88088cc.jpg
F:\DATA\下载\chrome\image\bak\0d9aeaef76094b36553b34eea5cc7cd98d109d3b.jpg
F:\DATA\下载\chrome\image\bak\0eb30f2442a7d93304bbcab6af4bd11372f001e7.jpg
F:\DATA\下载\chrome\image\bak\1222836_a67f4b9c0b2c2af983a94eb7a29c6b5f_1399107012.gif
F:\DATA\下载\chrome\image\bak\1222838_392075dbee3cf627e410c72dc70d0aef_1399107034.gif
F:\DATA\下载\chrome\image\bak\1229661_c13cb26c3470cd75dc02d9fb01ab1df4_1399621466.jpg.gif
F:\DATA\下载\chrome\image\bak\1232030_c9c881de2ba188ecb09f42e79c2430a3_1399816785.jpg
F:\DATA\下载\chrome\image\bak\1240237_83126c71163598ffbbcc9eef950377dc_1400322249.gif
F:\DATA\下载\chrome\image\bak\1247838_834d1e1d987d8556821cccdac613fa0a_1400812203.gif
F:\DATA\下载\chrome\image\bak\1248008_8e2e452589249ce5a9dfe64be0c23fbd_1400817445.gif
F:\DATA\下载\chrome\image\bak\1248011_c329720c732328f63414126578fe1e9f_1400817483.gif
F:\DATA\下载\chrome\image\bak\1258249_938d93bf1c5e4a5affe560ff2cc9ba23_1401428515.gif
F:\DATA\下载\chrome\image\bak\1264380_e5ef154211ed5336939203eb291ef3cb_1401796633.gif
F:\DATA\下载\chrome\image\bak\1269707_85f0436c0cd17e471b0884c5dcdd5b25_1402141794.gif
F:\DATA\下载\chrome\image\bak\1270098_4662be6732e59a92d717aa323eae5d7c_1402150276.gif
F:\DATA\下载\chrome\image\bak\1271050_e8fc3dec26d432251a511e3927874bab_1402193142.jpg
F:\DATA\下载\chrome\image\bak\1271073_1e06d42cc8865d2583d3f6988daa8242_1402195666.gif
F:\DATA\下载\chrome\image\bak\1276992_7a5c9e7f481f0294301da2c01db192a3_1402579339.gif
F:\DATA\下载\chrome\image\bak\1277007_ebf3b19da6094cd3a03d81bea1182396_1402579772.gif
F:\DATA\下载\chrome\image\bak\1280094_724039587a4f143c96d0198ea9cbe917_1402796433.gif
F:\DATA\下载\chrome\image\bak\1280137_6732ec827639113fd62ef491d970b125_1402799582.gif
F:\DATA\下载\chrome\image\bak\1283582_3612f69b2cc38287e66817efb008181d_1403013923.gif
F:\DATA\下载\chrome\image\bak\1284741_6af7b73237aa6c57fecea309d12a6f19_1403087509.gif
F:\DATA\下载\chrome\image\bak\1284750_3a7c038aa475c1b91282fc1b55ed04ed_1403088015.jpg
F:\DATA\下载\chrome\image\bak\1284892_5a1e8d33bda1b496ed8625efd8a00476_1403096599.gif
F:\DATA\下载\chrome\image\bak\1292596_073aa8f7e3430ae49ad80f81b64eb51a_1403448325.gif
F:\DATA\下载\chrome\image\bak\1292568_cc55f077c55fae2aa18bdd0b628122c4_1403446267.gif
F:\DATA\下载\chrome\image\bak\1306944_ad6eb4e4d16af8dd1ce8d3fa2777f30d_1404274252.gif
F:\DATA\下载\chrome\image\bak\1298636_7a1206121617524dfec81512f07213aa_1403756764.jpg
F:\DATA\下载\chrome\image\bak\1309721_fe1609d6744f098e817411599900d0c7_1404379590.jpg
F:\DATA\下载\chrome\image\bak\1341992_5a6259f144a7a768f0771ece539bc36d_1406005234.gif
F:\DATA\下载\chrome\image\bak\1342236_ba9c42ffa4a56b629068a0d2aa22b7d7_1406013909.jpg
F:\DATA\下载\chrome\image\bak\1342349_87d49c1b48dd59137a976901fa76832f_1406016846.jpg
F:\DATA\下载\chrome\image\bak\1342355_1f8fbf623b4de563ffc69c3d3742e105_1406017032.jpg
F:\DATA\下载\chrome\image\bak\1350972_07555695c5898140d0cdbda4446e8524_1406464398.jpg
F:\DATA\下载\chrome\image\bak\1382956_417e657f37a8cf06914dbcfdaf2bdad4_1408048650.jpg
F:\DATA\下载\chrome\image\bak\1382959_1e2ecdeb617f3f201dd476ca105d6eda_1408048834.jpg
F:\DATA\下载\chrome\image\bak\1382974_c61d79e79504eec733f1ce9128de4ab9_1408056770.jpg
F:\DATA\下载\chrome\image\bak\1383037_b7cab214aad364d2c986f6d5a16f4bd5_1408062274.gif
F:\DATA\下载\chrome\image\bak\1383112_754d640ad4d69ba3788ff23d5aaf8854_1408066049.jpg
F:\DATA\下载\chrome\image\bak\1411597_298a9b7705701f6a6a834a8e70d1a446_1409716339.gif
F:\DATA\下载\chrome\image\bak\1418761_6603b4f329de02d0bf656dbabbd9ac6b_1410094708.gif
F:\DATA\下载\chrome\image\bak\1426283_8eba05ed13003eccfbc4eb185750ceb0_1410517048.gif
F:\DATA\下载\chrome\image\bak\1434920_76b4a7f199500580a359839f79bcea10_1411022054.gif
F:\DATA\下载\chrome\image\bak\1543336_ea8d682669d79900c6c9fa1b0a58fbb5_1416905290.gif
F:\DATA\下载\chrome\image\bak\1543346_d602c689feff84f68db0de08806e2a8e_1416905414.jpg
F:\DATA\下载\chrome\image\bak\1577971_d11e0a288503ee532ec9100adc268295_1418647453.jpg
F:\DATA\下载\chrome\image\bak\1603181_d5976338c6d7a0255af1ac7f8f69a98e_1420359606.jpg
F:\DATA\下载\chrome\image\bak\165729z3zdzfqh2m3228hm.gif
F:\DATA\下载\chrome\image\bak\1682891_6ddb8850666847d748fcfc82db9c1251_1425905020.gif
F:\DATA\下载\chrome\image\bak\1683038_944053df6208cc5a3d477610040996aa_1425912359.jpg
F:\DATA\下载\chrome\image\bak\170145uc9ha9rzad9ezdxx.gif
F:\DATA\下载\chrome\image\bak\170220ovz41mtr1m4emzqa.gif
F:\DATA\下载\chrome\image\bak\170235xzmnqm9ssslyzyzn.gif
F:\DATA\下载\chrome\image\bak\170256m9wu0p72zj0l6u5j.gif
F:\DATA\下载\chrome\image\bak\173423m8kyatt9lvt59omm.jpg
F:\DATA\下载\chrome\image\bak\173750zkv41kfrv3rx0311.jpg
F:\DATA\下载\chrome\image\bak\1845609_a4b7df8fc8a7d95921f287f864957b8d_1435846575.gif
F:\DATA\下载\chrome\image\bak\1918071_4dcad8f04fedb5a7f9c81368c1080c55_1440253561.gif
F:\DATA\下载\chrome\image\bak\1931235_0ab5609dad1e198c5fb27eaed824b9ec_1441037191.jpg
F:\DATA\下载\chrome\image\bak\1939077_488348de1d8877d43de77b1f25f6040d_1441624008.jpg
F:\DATA\下载\chrome\image\bak\1939078_aaedafc738cf254529055bb33f719146_1441624213.jpg
F:\DATA\下载\chrome\image\bak\1939079_f74e4fa4f322a088245af2ba8f5373ad_1441624226.jpg
F:\DATA\下载\chrome\image\bak\1990666_f89814d959262c7b0196589c0eb0e44e_1445356472.gif
F:\DATA\下载\chrome\image\bak\1ada446addc451da10fd676ab6fd5266d016323f.gif
F:\DATA\下载\chrome\image\bak\2c0f7243fbf2b21115e5cda4cf8065380ed78ecc.jpg
F:\DATA\下载\chrome\image\bak\2de888ec8a136327ad880d31978fa0ec08fac707.jpg
F:\DATA\下载\chrome\image\bak\364c23087bf40ad1d2a2e0e0512c11dfa9ecce22.jpg
F:\DATA\下载\chrome\image\bak\36e643d9f2d3572cda8753de8c13632762d0c307.jpg
F:\DATA\下载\chrome\image\bak\3e3f5af40ad162d943a8451f17dfa9ec8a13cd22.jpg
F:\DATA\下载\chrome\image\bak\3_da9f5db1bd51041b41e59454a57d47c9_430.jpg
F:\DATA\下载\chrome\image\bak\4230027a35178b630c021b1bcebf8977_0.jpg
F:\DATA\下载\chrome\image\bak\47c32bd162d9f2d39d74ebedafec8a136327cc07.jpg
F:\DATA\下载\chrome\image\bak\47c32bd162d9f2d3e55703ecafec8a136327cc22.jpg
F:\DATA\下载\chrome\image\bak\5eeed3d3572c11df65b47021652762d0f703c207.jpg
F:\DATA\下载\chrome\image\bak\6b1b30dfa9ec8a13ad7f98e2f103918fa0ecc007.jpg
F:\DATA\下载\chrome\image\bak\730e0cf3d7ca7bcbb5e37080bf096b63f724a881.gif
F:\DATA\下载\chrome\image\bak\76c6a7efce1b9d169afa89b2f1deb48f8c546427.jpg
F:\DATA\下载\chrome\image\bak\79_avatar_middle.jpg
F:\DATA\下载\chrome\image\bak\7a96d48fa0ec08fab9f157335fee3d6d57fbdac3.jpg
F:\DATA\下载\chrome\image\bak\7e90f833c895d14324b3d12075f082025baf07a6.jpg
F:\DATA\下载\chrome\image\bak\810a19d8bc3eb135a96a908ba41ea8d3fd1f4454.gif
F:\DATA\下载\chrome\image\bak\8a371bf33a87e950b5dcbb8615385343f9f2b4cc.jpg
F:\DATA\下载\chrome\image\bak\8d1001e93901213f7f77ce0d56e736d12e2e959f.jpg
F:\DATA\下载\chrome\image\bak\95dbab13632762d0275b6bbda6ec08fa513dc607.jpg
F:\DATA\下载\chrome\image\bak\95366d086e061d95cb8dff3a7df40ad163d9caa5.jpg
F:\DATA\下载\chrome\image\bak\993a5b1fc4287053dc5401e0.gif
F:\DATA\下载\chrome\image\bak\a35635fe58fe2ac82d0ec588bccac811_430.jpg
F:\DATA\下载\chrome\image\bak\a5129d315c6034a85edbb0fbc813495409237641.jpg
F:\DATA\下载\chrome\image\bak\a61d36d33b73a8b150da4be6.jpg
F:\DATA\下载\chrome\image\bak\acd857c6a7efce1bb4efffc9a951f3deb58f65a7.jpg
F:\DATA\下载\chrome\image\bak\ad0a9f526618c68f17d9f08927b63a68_430.jpg
F:\DATA\下载\chrome\image\bak\ad4bd11373f08202929b82ec49fbfbedaa641bd3.jpg
F:\DATA\下载\chrome\image\bak\adb881ec08fa513dd8268c033f6d55fbb3fbd913.jpg
F:\DATA\下载\chrome\image\bak\b624422762d0f70340d75ade0efa513d2697c507.jpg
F:\DATA\下载\chrome\image\bak\b902c4dde71190ef503fa5dcc81b9d16fcfa60a7.jpg
F:\DATA\下载\chrome\image\bak\ba2f177adab44aedc304482db01c8701a08bfb6d.jpg
F:\DATA\下载\chrome\image\bak\cee4762c11dfa9ec474b991564d0f703918fc107.jpg
F:\DATA\下载\chrome\image\bak\d1160924ab18972b41967c01e4cd7b899f510a48.gif
F:\DATA\下载\chrome\image\bak\d31b0ef41bd5ad6ed4d29d2a80cb39dbb7fd3cc2.gif
F:\DATA\下载\chrome\image\bak\d539b6003af33a87df6413c9c45c10385243b5d3.jpg
F:\DATA\下载\chrome\image\bak\d567142ac65c1038d0b58628b7119313b27e89cc.jpg
F:\DATA\下载\chrome\image\bak\d910ca8065380cd7a83451f0a344ad3459828177.gif
F:\DATA\下载\chrome\image\bak\d788d43f8794a4c2f03090bc0cf41bd5ad6e3911.gif
F:\DATA\下载\chrome\image\bak\d9eac61190ef76c68016cc289b16fdfaae5167a7.jpg
F:\DATA\下载\chrome\image\bak\db26b1ef76c6a7efe6e29f25fbfaaf51f2de66a7.jpg
F:\DATA\下载\chrome\image\bak\e808a694a4c27d1e34d883c318d5ad6edcc438f6.jpg
F:\DATA\下载\chrome\image\bak\e955a435e5dde711b51674f5a1efce1b9c1661a7.jpg
F:\DATA\下载\chrome\image\bak\ec952df431adcbef72004651aaaf2edda3cc9f63.jpg
F:\DATA\下载\chrome\image\bak\ed6fedbf6c81800aefc3ea09b23533fa828b474e.jpg
F:\DATA\下载\chrome\image\bak\e7cd7b899e510fb33740ee0cdb33c895d0430ccb.gif
F:\DATA\下载\chrome\image\bak\fa6b31385343fbf237e7eec9b57eca8067388fcc.jpg
F:\DATA\下载\chrome\image\bak\QQ图片20140325144119.gif
F:\DATA\下载\chrome\image\bak\QQ图片20140403184913.gif
F:\DATA\下载\chrome\image\bak\QQ图片20140403184931.gif
F:\DATA\下载\chrome\image\bak\QQ图片20140331152234.gif
F:\DATA\下载\chrome\image\bak\QQ图片20140403184938.gif
F:\DATA\下载\chrome\image\bak\QQ图片20140514185929.gif
F:\DATA\下载\chrome\image\bak\QQ图片20140618171454.gif
F:\DATA\下载\chrome\image\bak\QQ图片20140626161132.jpg
F:\DATA\下载\chrome\image\bak\QQ图片20140910102936.gif
F:\DATA\下载\chrome\image\bak\QQ图片20141020163624.gif
F:\DATA\下载\chrome\image\bak\QQ图片20141020163628.gif
F:\DATA\下载\chrome\image\bak\QQ图片20141020163632.gif
F:\DATA\下载\chrome\image\bak\QQ图片20141020163852.gif
F:\DATA\下载\chrome\image\bak\QQ图片20141020164313.gif
F:\DATA\下载\chrome\image\bak\QQ图片20141020164320.gif
F:\DATA\下载\chrome\image\bak\QQ图片20141020164323.gif
F:\DATA\下载\chrome\image\bak\QQ图片20141020164326.gif
F:\DATA\下载\chrome\image\bak\QQ图片20141020164332.gif
F:\DATA\下载\chrome\image\bak\QQ图片20141020165309.gif
F:\DATA\下载\chrome\image\bak\QQ图片20141028151549.gif
F:\DATA\下载\chrome\image\bak\QQ图片20141028151925.gif
F:\DATA\下载\chrome\image\bak\QQ图片20141113174140.gif
F:\DATA\下载\chrome\image\bak\QQ图片20141117093504.gif
F:\DATA\下载\chrome\image\bak\QQ图片20141201132944.jpg
F:\DATA\下载\chrome\image\bak\QQ图片20141201132952.jpg
F:\DATA\下载\chrome\image\bak\QQ图片20150113164845.jpg
F:\DATA\下载\chrome\image\bak\QQ图片20141020163324.gif
F:\DATA\下载\chrome\image\bak\QQ图片20150128171024.gif
F:\DATA\下载\chrome\image\bak\QQ图片20150113165820.jpg
F:\DATA\下载\chrome\image\bak\QQ图片20150213164129.gif
F:\DATA\下载\chrome\image\bak\QQ图片20150225180407.gif
F:\DATA\下载\chrome\image\bak\QQ图片20150225183859.gif
F:\DATA\下载\chrome\image\bak\QQ图片20150330114404.jpg
F:\DATA\下载\chrome\image\bak\QQ图片20150330114412.jpg
F:\DATA\下载\chrome\image\bak\QQ图片20150727134939.gif
F:\DATA\下载\chrome\image\bak\QQ图片20150728144717.jpg
F:\DATA\下载\chrome\image\bak\QQ图片20150729184345.gif
F:\DATA\下载\chrome\image\bak\QQ图片20150728145955.jpg
F:\DATA\下载\chrome\image\bak\QQ图片20150729184400.gif
F:\DATA\下载\chrome\image\bak\QQ图片20150730133804.jpg
F:\DATA\下载\chrome\image\bak\QQ图片20150730133813.jpg
F:\DATA\下载\chrome\image\bak\QQ图片20150811144405.jpg
F:\DATA\下载\chrome\image\bak\QQ图片20150812143239.gif
F:\DATA\下载\chrome\image\bak\QQ图片20150906185052.gif
F:\DATA\下载\chrome\image\bak\QQ图片20150128171056.gif
F:\DATA\下载\chrome\image\bak\QQ图片20150906185145.jpg
F:\DATA\下载\chrome\image\bak\QQ图片20150906185222.jpg
F:\DATA\下载\chrome\image\bak\QQ图片20150906185253.jpg
F:\DATA\下载\chrome\image\bak\QQ图片20150907192140.gif
F:\DATA\下载\chrome\image\bak\QQ图片20150908124129.gif
F:\DATA\下载\chrome\image\bak\QQ图片20150908124200.gif
F:\DATA\下载\chrome\image\bak\QQ图片20150908124203.gif
F:\DATA\下载\chrome\image\bak\QQ图片20151013190019.gif
F:\DATA\下载\chrome\image\bak\QQ图片20151021200831.gif
F:\DATA\下载\chrome\image\bak\QQ图片20151021200938.gif
F:\DATA\下载\chrome\image\bak\QQ图片20151021201013.gif
F:\DATA\下载\chrome\image\bak\QQ图片20151105105445.jpg
F:\DATA\下载\chrome\image\bak\QQ图片20151105105508.jpg
F:\DATA\下载\chrome\image\bak\QQ图片20151105105512.jpg
F:\DATA\下载\chrome\image\bak\QQ图片20151105105517.jpg
F:\DATA\下载\chrome\image\bak\QQ图片20151105105522.jpg
F:\DATA\下载\chrome\image\bak\QQ图片20151105132947.jpg
F:\DATA\下载\chrome\image\bak\QQ图片20151106101200.jpg
F:\DATA\下载\chrome\image\bak\QQ图片20151106101205.jpg
F:\DATA\下载\chrome\image\bak\QQ图片20151106101208.jpg
F:\DATA\下载\chrome\image\bak\QQ图片20151106101218.jpg
F:\DATA\下载\chrome\image\bak\QQ图片20151106101224.jpg
F:\DATA\下载\chrome\image\bak\QQ图片20151106101229.jpg
F:\DATA\下载\chrome\image\bak\QQ图片20151109145004.gif
F:\DATA\下载\chrome\image\bak\QQ图片20151112164412.jpg
F:\DATA\下载\chrome\image\bak\QQ图片20151112164434.jpg
F:\DATA\下载\chrome\image\bak\QQ图片20151112164441.jpg
F:\DATA\下载\chrome\image\bak\QQ图片20151112164447.jpg
F:\DATA\下载\chrome\image\bak\QQ图片20151112164506.jpg
F:\DATA\下载\chrome\image\bak\QQ图片20151112164510.jpg
F:\DATA\下载\chrome\image\bak\QQ图片20151112164514.jpg
F:\DATA\下载\chrome\image\bak\QQ图片20151112164912.jpg
F:\DATA\下载\chrome\image\bak\QQ图片20151112165001.png
F:\DATA\下载\chrome\image\bak\QQ图片20151112165019.png
F:\DATA\下载\chrome\image\bak\QQ图片20151112182537.gif
F:\DATA\下载\chrome\image\bak\QQ图片20151113100348.jpg
F:\DATA\下载\chrome\image\bak\QQ图片20151125102101.jpg
F:\DATA\下载\chrome\image\bak\QQ图片20151125102112.jpg
F:\DATA\下载\chrome\image\bak\QQ图片20151125102116.jpg
F:\DATA\下载\chrome\image\bak\QQ图片20151125102119.jpg
F:\DATA\下载\chrome\image\bak\QQ图片20151126095901.gif
F:\DATA\下载\chrome\image\bak\QQ图片20151126095911.gif
F:\DATA\下载\chrome\image\bak\QQ图片20151130145643.gif
F:\DATA\下载\chrome\image\bak\QQ图片20151202095219.jpg
F:\DATA\下载\chrome\image\bak\QQ图片20151202095229.jpg
F:\DATA\下载\chrome\image\bak\QQ图片20151202095242.jpg
F:\DATA\下载\chrome\image\bak\QQ图片20151202095252.jpg
F:\DATA\下载\chrome\image\bak\QQ图片20151202095305.jpg
F:\DATA\下载\chrome\image\bak\QQ图片20151202095425.jpg
F:\DATA\下载\chrome\image\bak\QQ图片20151202095433.jpg
F:\DATA\下载\chrome\image\bak\QQ图片20151202095447.jpg
F:\DATA\下载\chrome\image\bak\QQ图片20151202095508.jpg
F:\DATA\下载\chrome\image\bak\QQ图片20151202095514.jpg
F:\DATA\下载\chrome\image\bak\QQ图片20151202095521.jpg
F:\DATA\下载\chrome\image\bak\QQ图片20151202095530.jpg
F:\DATA\下载\chrome\image\bak\QQ图片20151202122845.jpg
F:\DATA\下载\chrome\image\bak\QQ图片20151202174225.gif
F:\DATA\下载\chrome\image\bak\QQ图片20151203185355.jpg
F:\DATA\下载\chrome\image\bak\QQ图片20151203185402.jpg
F:\DATA\下载\chrome\image\bak\QQ图片20151203185523.jpg
F:\DATA\下载\chrome\image\bak\QQ图片20151203185529.jpg
F:\DATA\下载\chrome\image\bak\QQ图片20151203185547.jpg
F:\DATA\下载\chrome\image\bak\QQ图片20151203185554.jpg
F:\DATA\下载\chrome\image\bak\QQ图片20151203185730.jpg
F:\DATA\下载\chrome\image\bak\QQ图片20151203190039.png
F:\DATA\下载\chrome\image\bak\QQ图片20151203190043.jpg
F:\DATA\下载\chrome\image\bak\QQ图片20151203190106.jpg
F:\DATA\下载\chrome\image\bak\QQ图片20151203191856.jpg
F:\DATA\下载\chrome\image\bak\QQ图片20151204102650.gif
F:\DATA\下载\chrome\image\bak\QQ图片20151204102703.jpg
F:\DATA\下载\chrome\image\bak\QQ图片20151204102712.jpg
F:\DATA\下载\chrome\image\bak\QQ图片20151204102708.jpg
F:\DATA\下载\chrome\image\bak\QQ图片20151204134244.gif
F:\DATA\下载\chrome\image\bak\QQ图片20151204184940.gif
F:\DATA\下载\chrome\image\bak\QQ图片20151208110052.jpg
F:\DATA\下载\chrome\image\bak\QQ图片20151208110102.jpg
F:\DATA\下载\chrome\image\bak\QQ图片20151208143636.jpg
F:\DATA\下载\chrome\image\bak\QQ图片20151214114850.gif
F:\DATA\下载\chrome\image\bak\QQ图片20151214155247.jpg
F:\DATA\下载\chrome\image\bak\QQ图片20151215103651.gif
F:\DATA\下载\chrome\image\bak\QQ图片20151216140649.jpg
F:\DATA\下载\chrome\image\bak\QQ图片20151216141535.jpg
F:\DATA\下载\chrome\image\bak\QQ图片20151216141538.jpg
F:\DATA\下载\chrome\image\bak\40cc55e736d12f2eec2b6af54ec2d5628535681d.gif
F:\DATA\下载\chrome\image\bak\QQ图片20151218122939.jpg
F:\DATA\下载\chrome\image\bak\QQ图片20151218154741.jpg
F:\DATA\下载\chrome\image\bak\QQ图片20151218154019.jpg
F:\DATA\下载\chrome\image\bak\QQ图片20150906185216.jpg
F:\DATA\下载\chrome\image\bak\QQ图片20151218154758.jpg
F:\DATA\下载\chrome\image\bak\QQ图片20151218161151.jpg
F:\DATA\下载\chrome\image\bak\QQ截图20140305131358.jpg
F:\DATA\下载\chrome\image\bak\带着音乐学院女友在路边野战被碰到%2C邀请路人一起干女友 - 原创自拍区 - 自拍论坛%5B邀请注册中%5D -.png
F:\DATA\下载\chrome\image\bak\QQ图片20151214192806.png
F:\DATA\下载\chrome\image\bak\1\QQ图片20151112131005.jpg
F:\DATA\下载\chrome\image\bak\1\QQ图片20151112131013.jpg
F:\DATA\下载\chrome\image\bak\1\QQ图片20151112131017.jpg
F:\DATA\下载\chrome\image\bak\1\QQ图片20151112131026.jpg
F:\DATA\下载\chrome\image\bak\2\QQ图片20151203201811.jpg
F:\DATA\下载\chrome\image\bak\2\QQ图片20151203201818.jpg
F:\DATA\下载\chrome\image\bak\2\QQ图片20151203201849.jpg
F:\DATA\下载\chrome\image\bak\2\QQ图片20151203201854.jpg
F:\DATA\下载\chrome\image\bak\2\QQ图片20151203201902.jpg
F:\DATA\下载\chrome\image\bak\2\QQ图片20151203201905.jpg
F:\DATA\下载\chrome\image\bak\2\QQ图片20151203201910.jpg
F:\DATA\下载\chrome\image\bak\2\QQ图片20151203201913.jpg
F:\DATA\下载\chrome\image\bak\2\QQ图片20151203201917.jpg
F:\DATA\下载\chrome\image\bak\2\QQ图片20151203201921.jpg
F:\DATA\下载\chrome\image\bak\2\QQ图片20151217162654.jpg
F:\DATA\下载\chrome\image\bak\2\QQ图片20151217162700.jpg
F:\DATA\下载\chrome\image\bak\2\QQ图片20151217162703.jpg
F:\DATA\下载\chrome\image\bak\2\QQ图片20151217162708.jpg
F:\DATA\下载\chrome\image\bak\2\QQ图片20151217163417.jpg
F:\DATA\下载\chrome\image\bak\2\QQ图片20151222172145.jpg
F:\DATA\下载\chrome\image\bak\2\QQ图片20151222172152.jpg
F:\DATA\下载\chrome\image\bak\2\QQ图片20151222172155.jpg
F:\DATA\下载\chrome\image\bak\2\QQ图片20151222172158.jpg
F:\DATA\下载\chrome\image\bak\2\QQ图片20151222172201.jpg
F:\DATA\下载\chrome\image\bak\2\QQ图片20151222172204.jpg
F:\DATA\下载\chrome\image\bak\2\QQ图片20151222172206.jpg
F:\DATA\下载\chrome\image\bak\2\QQ图片20151222172210.jpg
F:\DATA\下载\chrome\image\bak\2\QQ图片20151222172217.jpg
F:\DATA\下载\chrome\image\bak\2\QQ图片20151222172228.jpg
F:\DATA\下载\chrome\image\bak\2\QQ图片20151222172223.jpg
F:\DATA\下载\chrome\image\bak\2\QQ图片20151222172235.jpg
F:\DATA\下载\chrome\image\bak\2\QQ图片20151222172239.jpg
F:\DATA\下载\chrome\image\bak\2\QQ图片20151222174731.jpg
F:\DATA\下载\chrome\image\bak\2\QQ图片20151222175025.jpg
F:\DATA\下载\chrome\image\bak\2\QQ图片20151222175028.jpg
F:\DATA\下载\chrome\image\bak\2\QQ图片20151222175033.jpg
F:\DATA\下载\chrome\image\bak\2\QQ图片20151222175039.jpg
F:\DATA\下载\chrome\image\bak\2\QQ图片20151223130048.jpg
F:\DATA\下载\chrome\image\bak\2\QQ图片20151223130128.jpg
F:\DATA\下载\chrome\image\bak\2\QQ图片20151223130140.jpg
F:\DATA\下载\chrome\image\bak\2\QQ图片20151223130614.jpg
F:\DATA\下载\chrome\image\bak\2\QQ图片20151223130618.jpg
F:\DATA\下载\chrome\image\bak\2\QQ图片20151223130731.jpg
F:\DATA\下载\chrome\image\bak\2\QQ图片20151223131438.jpg
F:\DATA\下载\chrome\image\bak\20151223\38dbb6fd5266d0167723f2b7912bd40735fa3572.gif
F:\DATA\下载\chrome\image\bak\20151223\QQ图片20151224100746.jpg
F:\DATA\下载\chrome\image\bak\20151223\QQ图片20151224100753.jpg
F:\DATA\下载\chrome\image\bak\20151223\QQ图片20151224154106.jpg
F:\DATA\下载\chrome\image\bak\20151223\QQ图片20160106210033.jpg
F:\DATA\下载\chrome\image\bak\20151223\QQ图片20160106210038.jpg
F:\DATA\下载\chrome\image\bak\20151223\QQ图片20160119101105.gif
F:\DATA\下载\chrome\image\bak\20151223\QQ图片20160120104216.jpg
F:\DATA\下载\chrome\image\bak\20151223\QQ图片20160120104221.jpg
F:\DATA\下载\chrome\image\bak\20151223\QQ图片20160121110013.jpg
F:\DATA\下载\chrome\image\bak\20151223\QQ图片20160126132744.gif
F:\DATA\下载\chrome\image\bak\20151223\QQ图片20160215165954.jpg
F:\DATA\下载\chrome\image\bak\20151223\QQ图片20160215165958.jpg
F:\DATA\下载\chrome\image\bak\20151223\QQ图片20160215170300.jpg
F:\DATA\下载\chrome\image\bak\20151223\QQ图片20160215170303.jpg
F:\DATA\下载\chrome\image\bak\20151223\QQ图片20160215170306.jpg
F:\DATA\下载\chrome\image\bak\20151223\QQ图片20160215170412.jpg
F:\DATA\下载\chrome\image\bak\20151223\QQ图片20160225153619.jpg
F:\DATA\下载\chrome\image\bak\20151223\QQ图片20160225174229.jpg
F:\DATA\下载\chrome\image\bak\20151223\QQ图片20160225180718.jpg
F:\DATA\下载\chrome\image\bak\cosplay\0a4dfbb44aed2e7386b616e78501a18b86d6fa51.jpg
F:\DATA\下载\chrome\image\bak\cosplay\1244aad4b31c8701b1e9222d257f9e2f0608ff51.jpg
F:\DATA\下载\chrome\image\bak\cosplay\2220ab82b9014a90f761d676ab773912b21bee51.jpg
F:\DATA\下载\chrome\image\bak\cosplay\36629219ebc4b745b9c827ddcdfc1e178b821550.jpg
F:\DATA\下载\chrome\image\bak\cosplay\3f7859f0f736afc38c50afaeb119ebc4b6451250.jpg
F:\DATA\下载\chrome\image\bak\cosplay\44c7d636afc37931fc3416e2e9c4b74542a91150.jpg
F:\DATA\下载\chrome\image\bak\cosplay\45062b55b319ebc44e24e6528026cffc1f171650.jpg
F:\DATA\下载\chrome\image\bak\cosplay\4fba88773912b31bb6335de28418367adbb4e151.jpg
F:\DATA\下载\chrome\image\bak\cosplay\4fc7a3025aafa40fa59a5e16a964034f79f01950.jpg
F:\DATA\下载\chrome\image\bak\cosplay\6698850f4bfbfbed5b05a6b47af0f736aec31f50.jpg
F:\DATA\下载\chrome\image\bak\cosplay\76a7d703738da9773d7016e0b251f8198718e351.jpg
F:\DATA\下载\chrome\image\bak\cosplay\76da0f738bd4b31c8863047085d6277f9f2ff851.jpg
F:\DATA\下载\chrome\image\bak\cosplay\77ccdaedab64034f8a9152cdadc379310b551d50.jpg
F:\DATA\下载\chrome\image\bak\cosplay\7f9ea326cffc1e1774e31cfa4890f603728de951.jpg
F:\DATA\下载\chrome\image\bak\cosplay\85366b90f603738daa159ce9b11bb051f919ec51.jpg
F:\DATA\下载\chrome\image\bak\cosplay\8b7262a98226cffce3762f79bb014a90f703ea51.jpg
F:\DATA\下载\chrome\image\bak\cosplay\8f2c9151f81986183f187f4f48ed2e738ad4e651.jpg
F:\DATA\下载\chrome\image\bak\cosplay\8f2ecac4b74543a979476a071c178a82b8011450.jpg
F:\DATA\下载\chrome\image\bak\cosplay\93f458310a55b31913a512be41a98226cefc1750.jpg
F:\DATA\下载\chrome\image\bak\cosplay\95401812b31bb051ff7b23e3347adab44bede051.jpg
F:\DATA\下载\chrome\image\bak\cosplay\9753224f78f0f7365ba2dcca0855b319eac41350.jpg
F:\DATA\下载\chrome\image\bak\cosplay\98386afbfbedab64f22edd0bf536afc378311e50.jpg
F:\DATA\下载\chrome\image\bak\cosplay\b6b598014a90f60371ef0c8c3b12b31bb151ed51.jpg
F:\DATA\下载\chrome\image\bak\cosplay\ba2f177adab44aed22112e2fb11c8701a08bfb51.jpg
F:\DATA\下载\chrome\image\bak\cosplay\be11eefc1e178a824660ef6bf403738da877e851.jpg
F:\DATA\下载\chrome\image\bak\cosplay\be357bafa40f4bfb148c0e9f014f78f0f6361850.jpg
F:\DATA\下载\chrome\image\bak\cosplay\c42ea718367adab4418f8b8889d4b31c8601e451.jpg
F:\DATA\下载\chrome\image\bak\cosplay\c7da8a64034f78f004570a387b310a55b2191c50.jpg
F:\DATA\下载\chrome\image\bak\cosplay\ca34528da9773912b67915aafa198618377ae251.jpg
F:\DATA\下载\chrome\image\bak\cosplay\cb018ec379310a5544784e3fb54543a983261050.jpg
F:\DATA\下载\chrome\image\bak\cosplay\d7f3964543a98226339dbbec8882b9014b90eb51.jpg
F:\DATA\下载\chrome\image\bak\cosplay\e6836bed2e738bd4bd7e22faa38b87d6267ff951.jpg
F:\DATA\下载\chrome\image\bak\cosplay\f3cb3f178a82b9014af253f8718da9773812ef51.jpg
F:\DATA\下载\chrome\image\bak\s1\09ff5b600c338744602695c0530fd9f9d52aa083.jpg
F:\DATA\下载\chrome\image\bak\s1\0dc48e096b63f624e3be83bf8544ebf8184ca383.jpg
F:\DATA\下载\chrome\image\bak\s1\41d25b63f6246b6085ed08c8e9f81a4c530fa283.jpg
F:\DATA\下载\chrome\image\bak\s1\789fdbf81a4c510f572758a66259252dd62aa583.jpg
F:\DATA\下载\chrome\image\bak\s1\84103a46f21fbe09edbd79a869600c338544ad83.jpg
F:\DATA\下载\chrome\image\bak\s1\94b8c6246b600c330d9a6474184c510fdbf9a183.jpg
F:\DATA\下载\chrome\image\bak\s1\94bb3c338744ebf89692de83dbf9d72a6259a783.jpg
F:\DATA\下载\chrome\image\bak\s1\f3e8b744ebf81a4cdcd15675d52a6059272da683.jpg
F:\DATA\下载\chrome\image\bak\s1\f59dc21fbe096b6371fae4ec0e338744e9f8ac83.jpg
F:\DATA\下载\chrome\image\bak\美女马\1bd5ad6eddc451da23170c6eb4fd5266d1163255.jpg
F:\DATA\下载\chrome\image\bak\美女马\5aafa40f4bfbfbed15a937fa7af0f736aec31f46.jpg
F:\DATA\下载\chrome\image\bak\美女马\4aed2e738bd4b31c5acf953e85d6277f9f2ff840.jpg
F:\DATA\下载\chrome\image\bak\美女马\81cb39dbb6fd526677613d91a918972bd50736e8.jpg
F:\DATA\下载\chrome\image\bak\美女马\90529822720e0cf3dd164e7e0846f21fbf09aa55.jpg
F:\DATA\下载\chrome\image\bak\美女马\9f3df8dcd100baa142c0463e4510b912c9fc2e42.jpg
F:\DATA\下载\chrome\image\bak\美女马\b07eca8065380cd7a5efa368a344ad3458828145.jpg
F:\DATA\下载\chrome\image\bak\美女马\ce1b9d16fdfaaf51a813803a8e5494eef11f7a46.jpg
F:\DATA\下载\chrome\image\bak\美女马\d688d43f8794a4c2e1d1e6ae0cf41bd5ac6e3940.jpg
F:\DATA\下载\chrome\image\bak\美女马\d933c895d143ad4b666a474580025aafa50f06ea.jpg
F:\DATA\下载\chrome\image\bak\美女马\ddc451da81cb39db125167d3d2160924aa1830a5 (1).jpg
F:\DATA\下载\chrome\image\bak\美女马\ddc451da81cb39db125167d3d2160924aa1830a5.jpg
F:\DATA\下载\chrome\image\bak\美女马\ebc4b74543a98226064d2ba28882b9014b90eba3.jpg